2026-07-12 16:53:38,739 - INFO - Creating Vendor Summary Table.....
2026-07-12 16:54:18,183 - INFO -    VendorNumber                   VendorName  ...  TotalExciseTax FreightCost
0          1128  BROWN-FORMAN CORP            ...       260999.20    68601.68
1          4425        MARTIGNETTI COMPANIES  ...       294438.66   144929.24
2         17035  PERNOD RICARD USA            ...       343854.07   123780.22
3          3960  DIAGEO NORTH AMERICA INC     ...       368242.80   257032.07
4          3960  DIAGEO NORTH AMERICA INC     ...       249587.83   257032.07

[5 rows x 14 columns]
2026-07-12 16:54:18,197 - INFO - Cleaning Data......
2026-07-12 16:54:18,217 - INFO -    VendorNumber                VendorName  ...  StockTurnover SalesToPurchaseRatio
0          1128         BROWN-FORMAN CORP  ...       0.979108             1.338647
1          4425     MARTIGNETTI COMPANIES  ...       0.976890             1.266830
2         17035         PERNOD RICARD USA  ...       0.998575             1.327594
3          3960  DIAGEO NORTH AMERICA INC  ...       0.993703             1.372493
4          3960  DIAGEO NORTH AMERICA INC  ...       0.983556             1.396897

[5 rows x 18 columns]
2026-07-12 16:54:18,229 - INFO - Ingesting data.....
2026-07-12 16:54:18,427 - INFO - Completed
2026-07-19 23:17:47,766 - INFO - Creating Vendor Summary Table.....
2026-07-19 23:18:05,047 - INFO -    VendorNumber                   VendorName  Brand  ... TotalSalesPrice  TotalExciseTax  FreightCost
0          1128  BROWN-FORMAN CORP             1233  ...       672819.31       260999.20     68601.68
1          4425        MARTIGNETTI COMPANIES   3405  ...       561512.37       294438.66    144929.24
2         17035  PERNOD RICARD USA             8068  ...       461140.15       343854.07    123780.22
3          3960  DIAGEO NORTH AMERICA INC      4261  ...       420050.01       368242.80    257032.07
4          3960  DIAGEO NORTH AMERICA INC      3545  ...       545778.28       249587.83    257032.07

[5 rows x 14 columns]
2026-07-19 23:18:05,071 - INFO - Cleaning Data......
2026-07-19 23:18:05,083 - INFO -    VendorNumber                VendorName  Brand  ... ProfitMargin  StockTurnover  SalesToPurchaseRatio
0          1128         BROWN-FORMAN CORP   1233  ...    25.297693       0.979108              1.338647
1          4425     MARTIGNETTI COMPANIES   3405  ...    21.062810       0.976890              1.266830
2         17035         PERNOD RICARD USA   8068  ...    24.675786       0.998575              1.327594
3          3960  DIAGEO NORTH AMERICA INC   4261  ...    27.139908       0.993703              1.372493
4          3960  DIAGEO NORTH AMERICA INC   3545  ...    28.412764       0.983556              1.396897

[5 rows x 18 columns]
2026-07-19 23:18:05,094 - INFO - Ingesting data.....
2026-07-19 23:18:05,227 - INFO - Completed
