2026-07-11 20:28:18,089-INFO-ingestingbegin_inventory.csv in db
2026-07-11 20:28:19,726-INFO-ingestingend_inventory.csv in db
2026-07-11 20:28:25,306-INFO-ingestingpurchases.csv in db
2026-07-11 20:28:50,386-INFO-ingestingpurchase_prices.csv in db
2026-07-11 20:29:05,621-INFO-ingestingsales.csv in db
2026-07-11 20:32:52,494-INFO-ingestingvendor_invoice.csv in db
2026-07-11 20:32:52,603-INFO---------------Ingestion complete---
2026-07-11 20:32:52,603-INFO-Total time taken is 4.57892994483312minutes
2026-07-11 20:32:53,182-INFO-ingestingbegin_inventory.csv in db
2026-07-11 20:32:55,857-INFO-ingestingend_inventory.csv in db
2026-07-11 20:33:04,378-INFO-ingestingpurchases.csv in db
2026-07-11 20:33:44,531-INFO-ingestingpurchase_prices.csv in db
2026-07-11 20:34:09,431-INFO-ingestingsales.csv in db
2026-07-11 20:39:31,052-INFO-ingestingvendor_invoice.csv in db
2026-07-11 20:39:31,132-INFO---------------Ingestion complete---
2026-07-11 20:39:31,132-INFO-Total time taken is 6.641671744982402minutes
2026-07-11 20:39:31,546-INFO-ingestingbegin_inventory.csv in db
2026-07-11 20:39:34,326-INFO-ingestingend_inventory.csv in db
2026-07-11 20:39:44,364-INFO-ingestingpurchases.csv in db
2026-07-11 20:40:25,900-INFO-ingestingpurchase_prices.csv in db
2026-07-11 20:40:44,960-INFO-ingestingsales.csv in db
2026-07-11 20:42:58,448-INFO-ingestingvendor_invoice.csv in db
2026-07-11 20:42:58,504-INFO---------------Ingestion complete---
2026-07-11 20:42:58,505-INFO-Total time taken is 3.4557233532269795minutes
2026-07-12 02:49:15,801-INFO-ingestingbegin_inventory.csv in db
2026-07-12 02:49:17,937-INFO-ingestingend_inventory.csv in db
2026-07-12 02:49:24,623-INFO-ingestingpurchases.csv in db
2026-07-12 02:50:05,261-INFO-ingestingpurchase_prices.csv in db
2026-07-12 02:50:21,044-INFO-ingestingsales.csv in db
2026-07-12 03:01:32,516-INFO-ingestingbegin_inventory.csv in db
2026-07-12 03:01:34,085-INFO-ingestingend_inventory.csv in db
2026-07-12 03:01:39,910-INFO-ingestingpurchases.csv in db
2026-07-12 03:02:08,086-INFO-ingestingpurchase_prices.csv in db
2026-07-12 03:02:23,494-INFO-ingestingsales.csv in db
2026-07-12 03:05:58,854-INFO-ingestingvendor_invoice.csv in db
2026-07-12 03:05:58,959-INFO---------------Ingestion complete---
2026-07-12 03:05:58,959-INFO-Total time taken is 4.444090088208516minutes
2026-07-12 03:06:45,845-INFO-ingestingbegin_inventory.csv in db
2026-07-12 03:06:47,230-INFO-Ingesting begin_inventory.csv
2026-07-12 03:06:47,459-INFO-ingestingend_inventory.csv in db
2026-07-12 03:06:49,068-INFO-Ingesting end_inventory.csv
2026-07-12 03:06:53,067-INFO-ingestingpurchases.csv in db
2026-07-12 03:07:22,103-INFO-Ingesting purchases.csv
2026-07-12 03:07:22,190-INFO-ingestingpurchase_prices.csv in db
2026-07-12 03:07:22,301-INFO-Ingesting purchase_prices.csv
2026-07-12 03:07:38,225-INFO-ingestingsales.csv in db
2026-07-12 03:10:00,716-INFO-Ingesting sales.csv
2026-07-12 03:10:01,010-INFO-ingestingvendor_invoice.csv in db
2026-07-12 03:10:01,067-INFO-Ingesting vendor_invoice.csv
2026-07-12 03:10:01,067-INFO---------------Ingestion complete---
2026-07-12 03:10:01,067-INFO-Total time taken is 3.257352368036906minutes
2026-07-12 03:10:12,096-INFO-Creating Vendor Summary Table.....
2026-07-12 03:10:29,146-INFO-   VendorNumber                   VendorName  ...  TotalExciseTax FreightCost
0          1128  BROWN-FORMAN CORP            ...       260999.20    68601.68
1          4425        MARTIGNETTI COMPANIES  ...       294438.66   144929.24
2         17035  PERNOD RICARD USA            ...       343854.07   123780.22
3          3960  DIAGEO NORTH AMERICA INC     ...       368242.80   257032.07
4          3960  DIAGEO NORTH AMERICA INC     ...       249587.83   257032.07

[5 rows x 14 columns]
2026-07-12 03:10:29,171-INFO-Cleaning Data......
2026-07-12 03:10:29,182-INFO-   VendorNumber                VendorName  ...  StockTurnover SalesToPurchaseRatio
0          1128         BROWN-FORMAN CORP  ...       0.979108             1.338647
1          4425     MARTIGNETTI COMPANIES  ...       0.976890             1.266830
2         17035         PERNOD RICARD USA  ...       0.998575             1.327594
3          3960  DIAGEO NORTH AMERICA INC  ...       0.993703             1.372493
4          3960  DIAGEO NORTH AMERICA INC  ...       0.983556             1.396897

[5 rows x 18 columns]
2026-07-12 03:10:29,192-INFO-Ingesting data.....
2026-07-12 03:10:29,335-INFO-Completed
2026-07-12 16:31:43,562-INFO-ingestingbegin_inventory.csv in db
2026-07-12 16:31:45,435-INFO-Ingesting begin_inventory.csv
2026-07-12 16:31:46,073-INFO-ingestingend_inventory.csv in db
2026-07-12 16:31:49,602-INFO-Ingesting end_inventory.csv
2026-07-12 16:32:00,122-INFO-ingestingpurchases.csv in db
2026-07-12 16:33:08,971-INFO-Ingesting purchases.csv
2026-07-12 16:33:09,237-INFO-ingestingpurchase_prices.csv in db
2026-07-12 16:33:09,500-INFO-Ingesting purchase_prices.csv
2026-07-12 16:33:50,418-INFO-ingestingsales.csv in db
2026-07-12 16:34:43,297-INFO-ingestingbegin_inventory.csv in db
2026-07-12 16:34:44,964-INFO-Ingesting begin_inventory.csv
2026-07-12 16:34:45,232-INFO-ingestingend_inventory.csv in db
2026-07-12 16:34:49,375-INFO-Ingesting end_inventory.csv
2026-07-12 16:34:59,317-INFO-ingestingpurchases.csv in db
2026-07-12 16:36:14,611-INFO-Ingesting purchases.csv
2026-07-12 16:36:14,817-INFO-ingestingpurchase_prices.csv in db
2026-07-12 16:36:15,112-INFO-Ingesting purchase_prices.csv
2026-07-12 16:36:57,944-INFO-ingestingsales.csv in db
2026-07-12 16:42:18,634 - INFO - Started ingesting begin_inventory.csv
2026-07-12 16:42:20,804 - INFO - Finished ingesting begin_inventory.csv
2026-07-12 16:42:20,805 - INFO - Started ingesting end_inventory.csv
2026-07-12 16:42:26,981 - INFO - Finished ingesting end_inventory.csv
2026-07-12 16:42:26,982 - INFO - Started ingesting purchases.csv
2026-07-12 16:44:00,712 - INFO - Finished ingesting purchases.csv
2026-07-12 16:44:00,712 - INFO - Started ingesting purchase_prices.csv
2026-07-12 16:44:00,969 - INFO - Finished ingesting purchase_prices.csv
2026-07-12 16:44:00,969 - INFO - Started ingesting sales.csv
2026-07-12 16:49:50,521 - INFO - Finished ingesting sales.csv
2026-07-12 16:49:50,522 - INFO - Started ingesting vendor_invoice.csv
2026-07-12 16:49:50,660 - INFO - Finished ingesting vendor_invoice.csv
2026-07-12 16:49:50,660 - INFO - ---------------- Ingestion Complete ----------------
2026-07-12 16:49:50,660 - INFO - Total Time Taken: 7.53 minutes
